[2018-05-22 16:46:51.458] [INFO] pomelo - [32m[/Users/lx/Desktop/pomelo/Hello/game-server/node_modules/pomelo/lib/application.js] [39mapplication inited: "connector-server-1"
[2018-05-22 16:46:51.686] [INFO] pomelo - [32m[/Users/lx/Desktop/pomelo/Hello/game-server/node_modules/pomelo/lib/application.js] [39m"connector-server-1" enter after start...
[2018-05-22 16:46:51.689] [INFO] pomelo - [32m[/Users/lx/Desktop/pomelo/Hello/game-server/node_modules/pomelo/lib/application.js] [39m"connector-server-1" finish start
[2018-05-22 16:46:51.689] [INFO] pomelo - [32m[/Users/lx/Desktop/pomelo/Hello/game-server/node_modules/pomelo/lib/application.js] [39m"connector-server-1" startup in 190 ms
[2018-05-22 16:47:13.785] [DEBUG] pomelo - [36m[/Users/lx/Desktop/pomelo/Hello/game-server/node_modules/pomelo/lib/components/connector.js] [39m[connector-server-1] getSession session is created with session id: 1
[2018-05-22 16:47:13.795] [DEBUG] pomelo - [36m[/Users/lx/Desktop/pomelo/Hello/game-server/node_modules/pomelo/lib/components/connector.js] [39m[connector-server-1] handleMessage session id: 1, msg: {"id":1,"type":0,"compressRoute":0,"route":"connector.entryHandler.entry","body":"hello pomelo","compressGzip":0}
[2018-05-22 16:47:13.797] [DEBUG] pomelo - [36m[/Users/lx/Desktop/pomelo/Hello/game-server/node_modules/pomelo/lib/components/connector.js] [39m[connector-server-1] send message reqId: 1, route: connector.entryHandler.entry, msg: {"code":200,"msg":"game server is ok."}, receivers: [1], opts: {"type":"response","userOptions":{},"isResponse":true}
[2018-05-22 17:07:53.462] [DEBUG] pomelo - [36m[/Users/lx/Desktop/pomelo/Hello/game-server/node_modules/pomelo/lib/components/connector.js] [39m[connector-server-1] getSession session is created with session id: 2
[2018-05-22 17:07:53.466] [DEBUG] pomelo - [36m[/Users/lx/Desktop/pomelo/Hello/game-server/node_modules/pomelo/lib/components/connector.js] [39m[connector-server-1] handleMessage session id: 2, msg: {"id":2,"type":0,"compressRoute":0,"route":"connector.entryHandler.entry","body":"hello pomelo","compressGzip":0}
[2018-05-22 17:07:53.466] [DEBUG] pomelo - [36m[/Users/lx/Desktop/pomelo/Hello/game-server/node_modules/pomelo/lib/components/connector.js] [39m[connector-server-1] send message reqId: 2, route: connector.entryHandler.entry, msg: {"code":200,"msg":"game server is ok."}, receivers: [2], opts: {"type":"response","userOptions":{},"isResponse":true}
[2018-05-22 17:07:58.256] [INFO] pomelo - [32m[/Users/lx/Desktop/pomelo/Hello/game-server/node_modules/pomelo/lib/connectors/commands/heartbeat.js] [39mclient 1 heartbeat timeout.
[2018-05-22 17:07:58.257] [DEBUG] pomelo - [36m[/Users/lx/Desktop/pomelo/Hello/game-server/node_modules/pomelo/lib/common/service/sessionService.js] [39msession on [connector-server-1] is closed with session id: 1
[2018-06-05 15:09:42.989] [INFO] pomelo - [32m[/Users/lx/Desktop/pomelo/Hello/game-server/node_modules/pomelo/lib/application.js] [39mapplication inited: "connector-server-1"
[2018-06-05 15:09:43.376] [INFO] pomelo - [32m[/Users/lx/Desktop/pomelo/Hello/game-server/node_modules/pomelo/lib/application.js] [39m"connector-server-1" enter after start...
[2018-06-05 15:09:43.379] [INFO] pomelo - [32m[/Users/lx/Desktop/pomelo/Hello/game-server/node_modules/pomelo/lib/application.js] [39m"connector-server-1" finish start
[2018-06-05 15:09:43.379] [INFO] pomelo - [32m[/Users/lx/Desktop/pomelo/Hello/game-server/node_modules/pomelo/lib/application.js] [39m"connector-server-1" startup in 337 ms
[2018-06-05 15:32:43.028] [DEBUG] pomelo - [36m[/Users/lx/Desktop/pomelo/Hello/game-server/node_modules/pomelo/lib/components/connector.js] [39m[connector-server-1] getSession session is created with session id: 1
[2018-06-05 15:39:51.817] [DEBUG] pomelo - [36m[/Users/lx/Desktop/pomelo/Hello/game-server/node_modules/pomelo/lib/common/service/sessionService.js] [39msession on [connector-server-1] is closed with session id: 1
[2018-06-05 15:39:54.828] [DEBUG] pomelo - [36m[/Users/lx/Desktop/pomelo/Hello/game-server/node_modules/pomelo/lib/components/connector.js] [39m[connector-server-1] getSession session is created with session id: 2
[2018-06-05 15:44:06.299] [DEBUG] pomelo - [36m[/Users/lx/Desktop/pomelo/Hello/game-server/node_modules/pomelo/lib/common/service/sessionService.js] [39msession on [connector-server-1] is closed with session id: 2
[2018-06-05 15:44:10.077] [DEBUG] pomelo - [36m[/Users/lx/Desktop/pomelo/Hello/game-server/node_modules/pomelo/lib/components/connector.js] [39m[connector-server-1] getSession session is created with session id: 3
[2018-06-05 15:45:14.265] [DEBUG] pomelo - [36m[/Users/lx/Desktop/pomelo/Hello/game-server/node_modules/pomelo/lib/common/service/sessionService.js] [39msession on [connector-server-1] is closed with session id: 3
[2018-06-05 15:45:16.821] [DEBUG] pomelo - [36m[/Users/lx/Desktop/pomelo/Hello/game-server/node_modules/pomelo/lib/components/connector.js] [39m[connector-server-1] getSession session is created with session id: 4
[2018-06-05 15:46:20.464] [DEBUG] pomelo - [36m[/Users/lx/Desktop/pomelo/Hello/game-server/node_modules/pomelo/lib/common/service/sessionService.js] [39msession on [connector-server-1] is closed with session id: 4
[2018-06-05 15:46:22.151] [DEBUG] pomelo - [36m[/Users/lx/Desktop/pomelo/Hello/game-server/node_modules/pomelo/lib/components/connector.js] [39m[connector-server-1] getSession session is created with session id: 5
[2018-06-05 15:47:31.985] [DEBUG] pomelo - [36m[/Users/lx/Desktop/pomelo/Hello/game-server/node_modules/pomelo/lib/common/service/sessionService.js] [39msession on [connector-server-1] is closed with session id: 5
[2018-06-05 15:47:33.945] [DEBUG] pomelo - [36m[/Users/lx/Desktop/pomelo/Hello/game-server/node_modules/pomelo/lib/components/connector.js] [39m[connector-server-1] getSession session is created with session id: 6
[2018-06-05 15:48:37.430] [INFO] pomelo - [32m[/Users/lx/Desktop/pomelo/Hello/game-server/node_modules/pomelo/lib/connectors/commands/heartbeat.js] [39mclient 6 heartbeat timeout.
[2018-06-05 15:48:37.430] [DEBUG] pomelo - [36m[/Users/lx/Desktop/pomelo/Hello/game-server/node_modules/pomelo/lib/common/service/sessionService.js] [39msession on [connector-server-1] is closed with session id: 6
[2018-06-05 15:49:04.658] [DEBUG] pomelo - [36m[/Users/lx/Desktop/pomelo/Hello/game-server/node_modules/pomelo/lib/components/connector.js] [39m[connector-server-1] getSession session is created with session id: 7
[2018-06-05 15:49:08.342] [DEBUG] pomelo - [36m[/Users/lx/Desktop/pomelo/Hello/game-server/node_modules/pomelo/lib/components/connector.js] [39m[connector-server-1] handleMessage session id: 7, msg: {"id":1,"type":0,"compressRoute":1,"route":"connector.entryHandler.entry","body":{},"compressGzip":0}
[2018-06-05 15:49:08.348] [DEBUG] pomelo - [36m[/Users/lx/Desktop/pomelo/Hello/game-server/node_modules/pomelo/lib/components/connector.js] [39m[connector-server-1] send message reqId: 1, route: connector.entryHandler.entry, msg: {"code":200,"msg":"game server is ok."}, receivers: [7], opts: {"type":"response","userOptions":{},"isResponse":true}
[2018-06-05 15:49:39.742] [INFO] pomelo - [32m[/Users/lx/Desktop/pomelo/Hello/game-server/node_modules/pomelo/lib/connectors/commands/heartbeat.js] [39mclient 7 heartbeat timeout.
[2018-06-05 15:49:39.742] [DEBUG] pomelo - [36m[/Users/lx/Desktop/pomelo/Hello/game-server/node_modules/pomelo/lib/common/service/sessionService.js] [39msession on [connector-server-1] is closed with session id: 7
[2018-06-05 15:57:37.822] [INFO] pomelo - [32m[/Users/lx/Desktop/pomelo/Hello/game-server/node_modules/pomelo/lib/application.js] [39mapplication inited: "connector-server-1"
[2018-06-05 15:57:38.089] [INFO] pomelo - [32m[/Users/lx/Desktop/pomelo/Hello/game-server/node_modules/pomelo/lib/application.js] [39m"connector-server-1" enter after start...
[2018-06-05 15:57:38.092] [INFO] pomelo - [32m[/Users/lx/Desktop/pomelo/Hello/game-server/node_modules/pomelo/lib/application.js] [39m"connector-server-1" finish start
[2018-06-05 15:57:38.092] [INFO] pomelo - [32m[/Users/lx/Desktop/pomelo/Hello/game-server/node_modules/pomelo/lib/application.js] [39m"connector-server-1" startup in 218 ms
[2018-06-05 15:57:50.955] [DEBUG] pomelo - [36m[/Users/lx/Desktop/pomelo/Hello/game-server/node_modules/pomelo/lib/components/connector.js] [39m[connector-server-1] getSession session is created with session id: 1
[2018-06-05 15:57:51.053] [DEBUG] pomelo - [36m[/Users/lx/Desktop/pomelo/Hello/game-server/node_modules/pomelo/lib/components/connector.js] [39m[connector-server-1] handleMessage session id: 1, msg: {"id":1,"type":0,"compressRoute":0,"route":"connector.entryHandler.entry","body":{},"compressGzip":0}
[2018-06-05 15:57:51.060] [DEBUG] pomelo - [36m[/Users/lx/Desktop/pomelo/Hello/game-server/node_modules/pomelo/lib/components/connector.js] [39m[connector-server-1] send message reqId: 1, route: connector.entryHandler.entry, msg: {"code":200,"msg":"game server is ok."}, receivers: [1], opts: {"type":"response","userOptions":{},"isResponse":true}
[2018-06-05 15:58:21.062] [INFO] pomelo - [32m[/Users/lx/Desktop/pomelo/Hello/game-server/node_modules/pomelo/lib/connectors/commands/heartbeat.js] [39mclient 1 heartbeat timeout.
[2018-06-05 15:58:21.062] [DEBUG] pomelo - [36m[/Users/lx/Desktop/pomelo/Hello/game-server/node_modules/pomelo/lib/common/service/sessionService.js] [39msession on [connector-server-1] is closed with session id: 1
